{"uid":"ceaf99dd76510b8b","name":"doLoginTestCorrectCredentials","fullName":"com.mystore.qa.testcases.RegisterShettyAcademyPageTest.doLoginTestCorrectCredentials","historyId":"ac25e38c57c0306426f3a079498064b1","time":{"start":1661309426519,"stop":1661309426520,"duration":1},"description":"Test Case Description: Verify Login With Correct Credentials","descriptionHtml":"<p>Test Case Description: Verify Login With Correct Credentials</p>\n","status":"skipped","statusMessage":"Could not start a new session. Possible causes are invalid address of the remote server or browser start-up failure.","statusTrace":"org.openqa.selenium.SessionNotCreatedException: Could not start a new session. Possible causes are invalid address of the remote server or browser start-up failure.\n\tat org.openqa.selenium.remote.RemoteWebDriver.execute(RemoteWebDriver.java:587)\n\tat org.openqa.selenium.remote.RemoteWebDriver.startSession(RemoteWebDriver.java:264)\n\tat org.openqa.selenium.remote.RemoteWebDriver.<init>(RemoteWebDriver.java:179)\n\tat org.openqa.selenium.remote.RemoteWebDriver.<init>(RemoteWebDriver.java:161)\n\tat com.mystore.qa.driverfactory.DriverFactory.initDriver(DriverFactory.java:63)\n\tat com.mystore.qa.basetest.BaseTest.startUp(BaseTest.java:29)\n\tat java.base/jdk.internal.reflect.NativeMethodAccessorImpl.invoke0(Native Method)\n\tat java.base/jdk.internal.reflect.NativeMethodAccessorImpl.invoke(NativeMethodAccessorImpl.java:78)\n\tat java.base/jdk.internal.reflect.DelegatingMethodAccessorImpl.invoke(DelegatingMethodAccessorImpl.java:43)\n\tat java.base/java.lang.reflect.Method.invoke(Method.java:567)\n\tat org.testng.internal.invokers.MethodInvocationHelper.invokeMethod(MethodInvocationHelper.java:139)\n\tat org.testng.internal.invokers.MethodInvocationHelper.invokeMethodConsideringTimeout(MethodInvocationHelper.java:69)\n\tat org.testng.internal.invokers.ConfigInvoker.invokeConfigurationMethod(ConfigInvoker.java:361)\n\tat org.testng.internal.invokers.ConfigInvoker.invokeConfigurations(ConfigInvoker.java:296)\n\tat org.testng.internal.invokers.TestInvoker.runConfigMethods(TestInvoker.java:816)\n\tat org.testng.internal.invokers.TestInvoker.invokeMethod(TestInvoker.java:590)\n\tat org.testng.internal.invokers.TestInvoker.invokeTestMethod(TestInvoker.java:221)\n\tat org.testng.internal.invokers.MethodRunner.runInSequence(MethodRunner.java:50)\n\tat org.testng.internal.invokers.TestInvoker$MethodInvocationAgent.invoke(TestInvoker.java:962)\n\tat org.testng.internal.invokers.TestInvoker.invokeTestMethods(TestInvoker.java:194)\n\tat org.testng.internal.invokers.TestMethodWorker.invokeTestMethods(TestMethodWorker.java:148)\n\tat org.testng.internal.invokers.TestMethodWorker.run(TestMethodWorker.java:128)\n\tat java.base/java.util.concurrent.ThreadPoolExecutor.runWorker(ThreadPoolExecutor.java:1130)\n\tat java.base/java.util.concurrent.ThreadPoolExecutor$Worker.run(ThreadPoolExecutor.java:630)\n\tat java.base/java.lang.Thread.run(Thread.java:831)\nCaused by: org.openqa.selenium.TimeoutException: java.util.concurrent.TimeoutException\nBuild info: version: '4.3.0', revision: 'a4995e2c09*'\nSystem info: host: 'Macbook-Pro.local', ip: '2600:1700:5135:440:0:0:0:41%en0', os.name: 'Mac OS X', os.arch: 'x86_64', os.version: '12.5', java.version: '16.0.1'\nDriver info: driver.version: RemoteWebDriver\n\tat org.openqa.selenium.remote.http.netty.NettyHttpHandler.makeCall(NettyHttpHandler.java:65)\n\tat org.openqa.selenium.remote.http.AddSeleniumUserAgent.lambda$apply$0(AddSeleniumUserAgent.java:42)\n\tat org.openqa.selenium.remote.http.Filter.lambda$andFinally$1(Filter.java:56)\n\tat org.openqa.selenium.remote.http.netty.NettyHttpHandler.execute(NettyHttpHandler.java:49)\n\tat org.openqa.selenium.remote.http.AddSeleniumUserAgent.lambda$apply$0(AddSeleniumUserAgent.java:42)\n\tat org.openqa.selenium.remote.http.Filter.lambda$andFinally$1(Filter.java:56)\n\tat org.openqa.selenium.remote.http.netty.NettyClient.execute(NettyClient.java:98)\n\tat org.openqa.selenium.remote.tracing.TracedHttpClient.execute(TracedHttpClient.java:55)\n\tat org.openqa.selenium.remote.ProtocolHandshake.createSession(ProtocolHandshake.java:120)\n\tat org.openqa.selenium.remote.ProtocolHandshake.createSession(ProtocolHandshake.java:102)\n\tat org.openqa.selenium.remote.ProtocolHandshake.createSession(ProtocolHandshake.java:67)\n\tat org.openqa.selenium.remote.HttpCommandExecutor.execute(HttpCommandExecutor.java:156)\n\tat org.openqa.selenium.remote.TracedCommandExecutor.execute(TracedCommandExecutor.java:51)\n\tat org.openqa.selenium.remote.RemoteWebDriver.execute(RemoteWebDriver.java:569)\n\t... 24 more\nCaused by: java.util.concurrent.TimeoutException\n\tat java.base/java.util.concurrent.CompletableFuture.timedGet(CompletableFuture.java:1956)\n\tat java.base/java.util.concurrent.CompletableFuture.get(CompletableFuture.java:2091)\n\tat org.asynchttpclient.netty.NettyResponseFuture.get(NettyResponseFuture.java:206)\n\tat org.openqa.selenium.remote.http.netty.NettyHttpHandler.makeCall(NettyHttpHandler.java:59)\n\t... 37 more\n","flaky":false,"newFailed":false,"newBroken":false,"newPassed":false,"retriesCount":1,"retriesStatusChange":true,"beforeStages":[{"name":"startUp","time":{"start":1661309246135,"stop":1661309426256,"duration":180121},"description":"","status":"broken","statusMessage":"Could not start a new session. Possible causes are invalid address of the remote server or browser start-up failure.","statusTrace":"org.openqa.selenium.SessionNotCreatedException: Could not start a new session. Possible causes are invalid address of the remote server or browser start-up failure.\n\tat org.openqa.selenium.remote.RemoteWebDriver.execute(RemoteWebDriver.java:587)\n\tat org.openqa.selenium.remote.RemoteWebDriver.startSession(RemoteWebDriver.java:264)\n\tat org.openqa.selenium.remote.RemoteWebDriver.<init>(RemoteWebDriver.java:179)\n\tat org.openqa.selenium.remote.RemoteWebDriver.<init>(RemoteWebDriver.java:161)\n\tat com.mystore.qa.driverfactory.DriverFactory.initDriver(DriverFactory.java:63)\n\tat com.mystore.qa.basetest.BaseTest.startUp(BaseTest.java:29)\n\tat java.base/jdk.internal.reflect.NativeMethodAccessorImpl.invoke0(Native Method)\n\tat java.base/jdk.internal.reflect.NativeMethodAccessorImpl.invoke(NativeMethodAccessorImpl.java:78)\n\tat java.base/jdk.internal.reflect.DelegatingMethodAccessorImpl.invoke(DelegatingMethodAccessorImpl.java:43)\n\tat java.base/java.lang.reflect.Method.invoke(Method.java:567)\n\tat org.testng.internal.invokers.MethodInvocationHelper.invokeMethod(MethodInvocationHelper.java:139)\n\tat org.testng.internal.invokers.MethodInvocationHelper.invokeMethodConsideringTimeout(MethodInvocationHelper.java:69)\n\tat org.testng.internal.invokers.ConfigInvoker.invokeConfigurationMethod(ConfigInvoker.java:361)\n\tat org.testng.internal.invokers.ConfigInvoker.invokeConfigurations(ConfigInvoker.java:296)\n\tat org.testng.internal.invokers.TestInvoker.runConfigMethods(TestInvoker.java:816)\n\tat org.testng.internal.invokers.TestInvoker.invokeMethod(TestInvoker.java:590)\n\tat org.testng.internal.invokers.TestInvoker.invokeTestMethod(TestInvoker.java:221)\n\tat org.testng.internal.invokers.MethodRunner.runInSequence(MethodRunner.java:50)\n\tat org.testng.internal.invokers.TestInvoker$MethodInvocationAgent.invoke(TestInvoker.java:962)\n\tat org.testng.internal.invokers.TestInvoker.invokeTestMethods(TestInvoker.java:194)\n\tat org.testng.internal.invokers.TestMethodWorker.invokeTestMethods(TestMethodWorker.java:148)\n\tat org.testng.internal.invokers.TestMethodWorker.run(TestMethodWorker.java:128)\n\tat java.base/java.util.concurrent.ThreadPoolExecutor.runWorker(ThreadPoolExecutor.java:1130)\n\tat java.base/java.util.concurrent.ThreadPoolExecutor$Worker.run(ThreadPoolExecutor.java:630)\n\tat java.base/java.lang.Thread.run(Thread.java:831)\nCaused by: org.openqa.selenium.TimeoutException: java.util.concurrent.TimeoutException\nBuild info: version: '4.3.0', revision: 'a4995e2c09*'\nSystem info: host: 'Macbook-Pro.local', ip: '2600:1700:5135:440:0:0:0:41%en0', os.name: 'Mac OS X', os.arch: 'x86_64', os.version: '12.5', java.version: '16.0.1'\nDriver info: driver.version: RemoteWebDriver\n\tat org.openqa.selenium.remote.http.netty.NettyHttpHandler.makeCall(NettyHttpHandler.java:65)\n\tat org.openqa.selenium.remote.http.AddSeleniumUserAgent.lambda$apply$0(AddSeleniumUserAgent.java:42)\n\tat org.openqa.selenium.remote.http.Filter.lambda$andFinally$1(Filter.java:56)\n\tat org.openqa.selenium.remote.http.netty.NettyHttpHandler.execute(NettyHttpHandler.java:49)\n\tat org.openqa.selenium.remote.http.AddSeleniumUserAgent.lambda$apply$0(AddSeleniumUserAgent.java:42)\n\tat org.openqa.selenium.remote.http.Filter.lambda$andFinally$1(Filter.java:56)\n\tat org.openqa.selenium.remote.http.netty.NettyClient.execute(NettyClient.java:98)\n\tat org.openqa.selenium.remote.tracing.TracedHttpClient.execute(TracedHttpClient.java:55)\n\tat org.openqa.selenium.remote.ProtocolHandshake.createSession(ProtocolHandshake.java:120)\n\tat org.openqa.selenium.remote.ProtocolHandshake.createSession(ProtocolHandshake.java:102)\n\tat org.openqa.selenium.remote.ProtocolHandshake.createSession(ProtocolHandshake.java:67)\n\tat org.openqa.selenium.remote.HttpCommandExecutor.execute(HttpCommandExecutor.java:156)\n\tat org.openqa.selenium.remote.TracedCommandExecutor.execute(TracedCommandExecutor.java:51)\n\tat org.openqa.selenium.remote.RemoteWebDriver.execute(RemoteWebDriver.java:569)\n\t... 24 more\nCaused by: java.util.concurrent.TimeoutException\n\tat java.base/java.util.concurrent.CompletableFuture.timedGet(CompletableFuture.java:1956)\n\tat java.base/java.util.concurrent.CompletableFuture.get(CompletableFuture.java:2091)\n\tat org.asynchttpclient.netty.NettyResponseFuture.get(NettyResponseFuture.java:206)\n\tat org.openqa.selenium.remote.http.netty.NettyHttpHandler.makeCall(NettyHttpHandler.java:59)\n\t... 37 more\n","steps":[],"attachments":[],"parameters":[],"stepsCount":0,"attachmentsCount":0,"shouldDisplayMessage":true,"hasContent":true}],"afterStages":[{"name":"tearDown","time":{"start":1661309426526,"stop":1661309426526,"duration":0},"description":"","status":"broken","steps":[],"attachments":[],"parameters":[],"stepsCount":0,"attachmentsCount":0,"shouldDisplayMessage":false,"hasContent":false}],"labels":[{"name":"package","value":"com.mystore.qa.testcases.RegisterShettyAcademyPageTest"},{"name":"testClass","value":"com.mystore.qa.testcases.RegisterShettyAcademyPageTest"},{"name":"testMethod","value":"doLoginTestCorrectCredentials"},{"name":"parentSuite","value":"Shetty Academy Smoke Suite"},{"name":"suite","value":"Smoke Suite Selenium-Grid Firefox Test"},{"name":"subSuite","value":"com.mystore.qa.testcases.RegisterShettyAcademyPageTest"},{"name":"host","value":"Macbook-Pro.local"},{"name":"thread","value":"5387@Macbook-Pro.local.TestNG-test=Smoke Suite Selenium-Grid Firefox Test-1(32)"},{"name":"framework","value":"testng"},{"name":"language","value":"java"},{"name":"story","value":"Story Name: To Check Login With Correct Credentials"},{"name":"severity","value":"critical"},{"name":"resultFormat","value":"allure2"}],"parameters":[{"name":"browser","value":"firefox-grid"}],"links":[],"hidden":false,"retry":false,"extra":{"severity":"critical","retries":[{"uid":"849292320ab62b58","status":"broken","statusDetails":"Unable to locate element: div[aria-label='Login Successfully']\nFor documentation on this error, please visit: https://selenium.dev/exceptions/#no_such_element\nBuild info: version: '4.3.0', revision: 'a4995e2c09*'\nSystem info: host: 'Macbook-Pro.local', ip: '2600:1700:5135:440:0:0:0:41%en0', os.name: 'Mac OS X', os.arch: 'x86_64', os.version: '11.5', java.version: '16.0.1'\nDriver info: org.openqa.selenium.remote.RemoteWebDriver\nCommand: [8a149f2f-2b3b-40dd-bf7d-6f0fbfb90f95, findElement {using=css selector, value=div[aria-label='Login Successfully']}]\nCapabilities {acceptInsecureCerts: true, browserName: firefox, browserVersion: 103.0.2, moz:accessibilityChecks: false, moz:buildID: 20220808125904, moz:debuggerAddress: localhost:52685, moz:firefoxOptions: {}, moz:geckodriverVersion: 0.31.0, moz:headless: false, moz:platformVersion: 5.10.104-linuxkit, moz:processID: 348, moz:profile: /tmp/rust_mozprofileULYDXZ, moz:shutdownTimeout: 60000, moz:useNonSpecCompliantPointerOrigin: false, moz:webdriverClick: true, moz:windowless: false, pageLoadStrategy: normal, platformName: LINUX, proxy: Proxy(), se:cdp: ws://172.19.0.3:4444/sessio..., se:cdpVersion: 85.0, se:noVncPort: 7900, se:vnc: ws://172.19.0.3:4444/sessio..., se:vncEnabled: true, se:vncLocalAddress: ws://172.19.0.3:7900, setWindowRect: true, strictFileInteractability: false, timeouts: {implicit: 0, pageLoad: 300000, script: 30000}, unhandledPromptBehavior: dismiss and notify}\nSession ID: 8a149f2f-2b3b-40dd-bf7d-6f0fbfb90f95","time":{"start":1661308993247,"stop":1661308998990,"duration":5743}}],"categories":[],"tags":[]},"source":"ceaf99dd76510b8b.json","parameterValues":["firefox-grid"]}